This is LuaHBTeX, Version 1.24.0 (MiKTeX 26.2) (format=lualatex 2026.3.19)  31 MAR 2026 16:02
 restricted system commands enabled.
 file:line:error style messages enabled.
**d:/Desktop/THESIS/document/specialisation/12-2
(d:/Desktop/THESIS/document/specialisation/12-2.tex
LaTeX2e <2025-11-01>
L3 programming layer <2026-01-19>
Lua module: luaotfload 2024-12-03 v3.29 Lua based OpenType font support
Lua module: lualibs 2023-07-13 v2.76 ConTeXt Lua standard libraries.
Lua module: lualibs-extended 2023-07-13 v2.76 ConTeXt Lua libraries -- extended 
collection.
luaotfload | conf : Root cache directory is "C:/Users/aravk/AppData/Local/MiKTeX
/luatex-cache/generic/names".
luaotfload | init : Loading fontloader "fontloader-2023-12-28.lua" from kpse-res
olved path "C:/Users/aravk/AppData/Local/Programs/MiKTeX/tex/luatex/luaotfload/f
ontloader-2023-12-28.lua".
Lua-only attribute luaotfload@noligature = 1
luaotfload | init : Context OpenType loader version 3.134
Inserting `luaotfload.node_processor' in `pre_linebreak_filter'.
Inserting `luaotfload.node_processor' in `hpack_filter'.
Inserting `luaotfload.glyph_stream' in `glyph_stream_provider'.
Inserting `luaotfload.define_font' in `define_font'.
Lua-only attribute luaotfload_color_attribute = 2
luaotfload | conf : Root cache directory is "C:/Users/aravk/AppData/Local/MiKTeX
/luatex-cache/generic/names".
Inserting `luaotfload.harf.strip_prefix' in `find_opentype_file'.
Inserting `luaotfload.harf.strip_prefix' in `find_truetype_file'.
Removing  `luaotfload.glyph_stream' from `glyph_stream_provider'.
Inserting `luaotfload.harf.glyphstream' in `glyph_stream_provider'.
Inserting `luaotfload.harf.finalize_vlist' in `post_linebreak_filter'.
Inserting `luaotfload.harf.finalize_hlist' in `hpack_filter'.
Inserting `luaotfload.cleanup_files' in `wrapup_run'.
Inserting `luaotfload.harf.finalize_unicode' in `finish_pdffile'.
Inserting `luaotfload.glyphinfo' in `glyph_info'.
Lua-only attribute luaotfload.letterspace_done = 3
Inserting `luaotfload.aux.set_sscale_dimens' in `luaotfload.patch_font'.
Inserting `luaotfload.aux.set_font_index' in `luaotfload.patch_font'.
Inserting `luaotfload.aux.patch_cambria_domh' in `luaotfload.patch_font'.
Inserting `luaotfload.aux.fixup_fontdata' in `luaotfload.patch_font_unsafe'.
Inserting `luaotfload.aux.set_capheight' in `luaotfload.patch_font'.
Inserting `luaotfload.aux.set_xheight' in `luaotfload.patch_font'.
Inserting `luaotfload.rewrite_fontname' in `luaotfload.patch_font'.
Inserting `tracingstacklevels' in `input_level_string'. (C:/Users/aravk/AppData
/Local/Programs/MiKTeX/tex/latex/base/article.cls
Document Class: article 2025/01/22 v1.4n Standard LaTeX document class
(C:/Users/aravk/AppData/Local/Programs/MiKTeX/tex/latex/base/size12.clo
File: size12.clo 2025/01/22 v1.4n Standard LaTeX file (size option)
luaotfload | db : Font names database loaded from C:/Users/aravk/AppData/Local/M
iKTeX/luatex-cache/generic/names/luaotfload-names.luc.gz)
\c@part=\count273
\c@section=\count274
\c@subsection=\count275
\c@subsubsection=\count276
\c@paragraph=\count277
\c@subparagraph=\count278
\c@figure=\count279
\c@table=\count280
\abovecaptionskip=\skip49
\belowcaptionskip=\skip50
\bibindent=\dimen147
)
(C:/Users/aravk/AppData/Local/Programs/MiKTeX/tex/latex/geometry/geometry.sty
Package: geometry 2026/03/07 v6.0 Page Geometry

(C:/Users/aravk/AppData/Local/Programs/MiKTeX/tex/latex/graphics/keyval.sty
Package: keyval 2022/05/29 v1.15 key=value parser (DPC)
\KV@toks@=\toks17
)
(C:/Users/aravk/AppData/Local/Programs/MiKTeX/tex/generic/iftex/ifvtex.sty
Package: ifvtex 2019/10/25 v1.7 ifvtex legacy package. Use iftex instead.

(C:/Users/aravk/AppData/Local/Programs/MiKTeX/tex/generic/iftex/iftex.sty
Package: iftex 2024/12/12 v1.0g TeX engine tests
))
\Gm@cnth=\count281
\Gm@cntv=\count282
\c@Gm@tempcnt=\count283
\Gm@bindingoffset=\dimen148
\Gm@wd@mp=\dimen149
\Gm@odd@mp=\dimen150
\Gm@even@mp=\dimen151
\Gm@layoutwidth=\dimen152
\Gm@layoutheight=\dimen153
\Gm@layouthoffset=\dimen154
\Gm@layoutvoffset=\dimen155
\Gm@dimlist=\toks18

(C:/Users/aravk/AppData/Local/Programs/MiKTeX/tex/latex/geometry/geometry.cfg)) (C:/Users/aravk/AppData/Local/Programs/MiKTeX/tex/latex/fancyhdr/fancyhdr.sty
Package: fancyhdr 2025/02/07 v5.2 Extensive control of page headers and footers

\f@nch@headwidth=\skip51
\f@nch@offset@elh=\skip52
\f@nch@offset@erh=\skip53
\f@nch@offset@olh=\skip54
\f@nch@offset@orh=\skip55
\f@nch@offset@elf=\skip56
\f@nch@offset@erf=\skip57
\f@nch@offset@olf=\skip58
\f@nch@offset@orf=\skip59
\f@nch@height=\skip60
\f@nch@footalignment=\skip61
\f@nch@widthL=\skip62
\f@nch@widthC=\skip63
\f@nch@widthR=\skip64
\@temptokenb=\toks19
) (C:/Users/aravk/AppData/Local/Programs/MiKTeX/tex/latex/tools/array.sty
Package: array 2025/09/25 v2.6n Tabular extension package (FMi)
\col@sep=\dimen156
\ar@mcellbox=\box53
\extrarowheight=\dimen157
\NC@list=\toks20
\extratabsurround=\skip65
\backup@length=\skip66
\ar@cellbox=\box54
)
(C:/Users/aravk/AppData/Local/Programs/MiKTeX/tex/latex/amsmath/amsmath.sty
Package: amsmath 2025/07/09 v2.17z AMS math features
\@mathmargin=\skip67

For additional information on amsmath, use the `?' option.
(C:/Users/aravk/AppData/Local/Programs/MiKTeX/tex/latex/amsmath/amstext.sty
Package: amstext 2024/11/17 v2.01 AMS text

(C:/Users/aravk/AppData/Local/Programs/MiKTeX/tex/latex/amsmath/amsgen.sty
File: amsgen.sty 1999/11/30 v2.0 generic functions
\@emptytoks=\toks21
\ex@=\dimen158
))
(C:/Users/aravk/AppData/Local/Programs/MiKTeX/tex/latex/amsmath/amsbsy.sty
Package: amsbsy 1999/11/29 v1.2d Bold Symbols
\pmbraise@=\dimen159
)
(C:/Users/aravk/AppData/Local/Programs/MiKTeX/tex/latex/amsmath/amsopn.sty
Package: amsopn 2022/04/08 v2.04 operator names
)
\inf@bad=\count284
LaTeX Info: Redefining \frac on input line 235.
\uproot@=\count285
\leftroot@=\count286
LaTeX Info: Redefining \overline on input line 398.
LaTeX Info: Redefining \colon on input line 409.
\classnum@=\count287
\DOTSCASE@=\count288
LaTeX Info: Redefining \ldots on input line 495.
LaTeX Info: Redefining \dots on input line 498.
LaTeX Info: Redefining \cdots on input line 619.
\Mathstrutbox@=\box55
\strutbox@=\box56
LaTeX Info: Redefining \big on input line 721.
LaTeX Info: Redefining \Big on input line 722.
LaTeX Info: Redefining \bigg on input line 723.
LaTeX Info: Redefining \Bigg on input line 724.
\big@size=\dimen160
LaTeX Font Info:    Redeclaring font encoding OML on input line 742.
LaTeX Font Info:    Redeclaring font encoding OMS on input line 743.
\macc@depth=\count289
LaTeX Info: Redefining \bmod on input line 904.
LaTeX Info: Redefining \pmod on input line 909.
LaTeX Info: Redefining \smash on input line 939.
LaTeX Info: Redefining \relbar on input line 969.
LaTeX Info: Redefining \Relbar on input line 970.
\c@MaxMatrixCols=\count290
\dotsspace@=\muskip17
\c@parentequation=\count291
\dspbrk@lvl=\count292
\tag@help=\toks22
\row@=\count293
\column@=\count294
\maxfields@=\count295
\andhelp@=\toks23
\eqnshift@=\dimen161
\alignsep@=\dimen162
\tagshift@=\dimen163
\tagwidth@=\dimen164
\totwidth@=\dimen165
\lineht@=\dimen166
\@envbody=\toks24
\multlinegap=\skip68
\multlinetaggap=\skip69
\mathdisplay@stack=\toks25
LaTeX Info: Redefining \[ on input line 2950.
LaTeX Info: Redefining \] on input line 2951.
)
(C:/Users/aravk/AppData/Local/Programs/MiKTeX/tex/latex/amscls/amsthm.sty
Package: amsthm 2020/05/29 v2.20.6
\thm@style=\toks26
\thm@bodyfont=\toks27
\thm@headfont=\toks28
\thm@notefont=\toks29
\thm@headpunct=\toks30
\thm@preskip=\skip70
\thm@postskip=\skip71
\thm@headsep=\skip72
\dth@everypar=\toks31
)
(C:/Users/aravk/AppData/Local/Programs/MiKTeX/tex/latex/amsfonts/amssymb.sty
Package: amssymb 2013/01/14 v3.01 AMS font symbols

(C:/Users/aravk/AppData/Local/Programs/MiKTeX/tex/latex/amsfonts/amsfonts.sty
Package: amsfonts 2013/01/14 v3.01 Basic AMSFonts support
\symAMSa=\mathgroup4
\symAMSb=\mathgroup5
LaTeX Font Info:    Redeclaring math symbol \hbar on input line 98.
LaTeX Font Info:    Overwriting math alphabet `\mathfrak' in version `bold'
(Font)                  U/euf/m/n --> U/euf/b/n on input line 106.
)) (C:/Users/aravk/AppData/Local/Programs/MiKTeX/tex/latex/enumitem/enumitem.st
y
Package: enumitem 2025/02/06 v3.11 Customized lists
\labelindent=\skip73
\enit@outerparindent=\dimen167
\enit@toks=\toks32
\enit@inbox=\box57
\enit@count@id=\count296
\enitdp@description=\count297
) (C:/Users/aravk/AppData/Local/Programs/MiKTeX/tex/latex/graphics/color.sty
Package: color 2025/01/14 v1.3e Standard LaTeX Color (DPC)

(C:/Users/aravk/AppData/Local/Programs/MiKTeX/tex/latex/graphics-cfg/color.cfg
File: color.cfg 2016/01/02 v1.6 sample color configuration
)
Package color Info: Driver file: luatex.def on input line 149.

(C:/Users/aravk/AppData/Local/Programs/MiKTeX/tex/latex/graphics-def/luatex.def
File: luatex.def 2025/09/29 v1.2f Graphics/color driver for luatex
)
(C:/Users/aravk/AppData/Local/Programs/MiKTeX/tex/latex/graphics/mathcolor.ltx))
 (C:/Users/aravk/AppData/Local/Programs/MiKTeX/tex/latex/comment/comment.sty
\CommentStream=\write3

Excluding comment 'comment')
(C:/Users/aravk/AppData/Local/Programs/MiKTeX/tex/latex/graphics/graphicx.sty
Package: graphicx 2024/12/31 v1.2e Enhanced LaTeX Graphics (DPC,SPQR)

(C:/Users/aravk/AppData/Local/Programs/MiKTeX/tex/latex/graphics/graphics.sty
Package: graphics 2024/08/06 v1.4g Standard LaTeX Graphics (DPC,SPQR)

(C:/Users/aravk/AppData/Local/Programs/MiKTeX/tex/latex/graphics/trig.sty
Package: trig 2023/12/02 v1.11 sin cos tan (DPC)
)
(C:/Users/aravk/AppData/Local/Programs/MiKTeX/tex/latex/graphics-cfg/graphics.c
fg
File: graphics.cfg 2016/06/04 v1.11 sample graphics configuration
)
Package graphics Info: Driver file: luatex.def on input line 106.
)
\Gin@req@height=\dimen168
\Gin@req@width=\dimen169
)
(C:/Users/aravk/AppData/Local/Programs/MiKTeX/tex/latex/environ/environ.sty
Package: environ 2014/05/04 v0.3 A new way to define environments

(C:/Users/aravk/AppData/Local/Programs/MiKTeX/tex/latex/trimspaces/trimspaces.s
ty
Package: trimspaces 2009/09/17 v1.1 Trim spaces around a token list
)) (C:/Users/aravk/AppData/Local/Programs/MiKTeX/tex/latex/lipsum/lipsum.sty
(C:/Users/aravk/AppData/Local/Programs/MiKTeX/tex/latex/l3packages/l3keys2e/l3k
eys2e.sty
(C:/Users/aravk/AppData/Local/Programs/MiKTeX/tex/latex/l3kernel/expl3.sty
Package: expl3 2026-01-19 L3 programming layer (loader) 

(C:/Users/aravk/AppData/Local/Programs/MiKTeX/tex/latex/l3backend/l3backend-lua
tex.def
File: l3backend-luatex.def 2025-10-09 L3 backend support: PDF output (LuaTeX)
\l__color_backend_stack_int=\count298
Inserting `l3color' in `luaotfload.parse_color'.))
Package: l3keys2e 2025-10-09 LaTeX2e option processing using LaTeX3 keys
)
Package: lipsum 2021-09-20 v2.7 150 paragraphs of Lorem Ipsum dummy text
\g__lipsum_par_int=\count299
\l__lipsum_a_int=\count300
\l__lipsum_b_int=\count301

(C:/Users/aravk/AppData/Local/Programs/MiKTeX/tex/latex/lipsum/lipsum.ltd.tex)) (C:/Users/aravk/AppData/Local/Programs/MiKTeX/tex/latex/accsupp/accsupp.sty
Package: accsupp 2019/12/05 v0.6 Accessibility support by marked content (HO)

(C:/Users/aravk/AppData/Local/Programs/MiKTeX/tex/generic/pdfescape/pdfescape.s
ty
Package: pdfescape 2019/12/09 v1.15 Implements pdfTeX's escape features (HO)

(C:/Users/aravk/AppData/Local/Programs/MiKTeX/tex/generic/ltxcmds/ltxcmds.sty
Package: ltxcmds 2023-12-04 v1.26 LaTeX kernel commands for general use (HO)
)
(C:/Users/aravk/AppData/Local/Programs/MiKTeX/tex/generic/pdftexcmds/pdftexcmds
.sty
Package: pdftexcmds 2020-06-27 v0.33 Utility functions of pdfTeX for LuaTeX (HO
)

(C:/Users/aravk/AppData/Local/Programs/MiKTeX/tex/generic/infwarerr/infwarerr.s
ty
Package: infwarerr 2019/12/03 v1.5 Providing info/warning/error messages (HO)
)
Package pdftexcmds Info: \pdf@primitive is available.
Package pdftexcmds Info: \pdf@ifprimitive is available.
Package pdftexcmds Info: \pdfdraftmode found.
\pdftexcmds@toks=\toks33
))
(C:/Users/aravk/AppData/Local/Programs/MiKTeX/tex/latex/kvoptions/kvoptions.sty
Package: kvoptions 2022-06-15 v3.15 Key value format for package options (HO)

(C:/Users/aravk/AppData/Local/Programs/MiKTeX/tex/latex/kvsetkeys/kvsetkeys.sty
Package: kvsetkeys 2022-10-05 v1.19 Key value parser (HO)
))
(C:/Users/aravk/AppData/Local/Programs/MiKTeX/tex/latex/accsupp/accsupp-luatex.
def
File: accsupp-luatex.def 2019/12/05 v0.6 accsupp driver for pdfTeX (HO)
))
(C:/Users/aravk/AppData/Local/Programs/MiKTeX/tex/latex/fontspec/fontspec.sty
(C:/Users/aravk/AppData/Local/Programs/MiKTeX/tex/latex/l3packages/xparse/xpars
e.sty
Package: xparse 2025-10-09 L3 Experimental document command parser
)
Package: fontspec 2025/09/29 v2.9g Font selection for XeLaTeX and LuaLaTeX
Lua module: fontspec 2025/09/29 v2.9g Font selection for XeLaTeX and LuaLaTeX
(C:/Users/aravk/AppData/Local/Programs/MiKTeX/tex/latex/fontspec/fontspec-luate
x.sty
Package: fontspec-luatex 2025/09/29 v2.9g Font selection for XeLaTeX and LuaLaT
eX
\l__fontspec_script_int=\count302
\l__fontspec_language_int=\count303
\l__fontspec_strnum_int=\count304
\l__fontspec_tmp_int=\count305
\l__fontspec_tmpa_int=\count306
\l__fontspec_tmpb_int=\count307
\l__fontspec_tmpc_int=\count308
\l__fontspec_em_int=\count309
\l__fontspec_emdef_int=\count310
\l__fontspec_strong_int=\count311
\l__fontspec_strongdef_int=\count312
\l__fontspec_tmpa_dim=\dimen170
\l__fontspec_tmpb_dim=\dimen171
\l__fontspec_tmpc_dim=\dimen172
 (C:/Users/aravk/AppData/Local/Programs/MiKTeX/tex/latex/base/fontenc.sty
Package: fontenc 2025/07/18 v2.1d Standard LaTeX package
) (C:/Users/aravk/AppData/Local/Programs/MiKTeX/tex/latex/fontspec/fontspec.cfg
)))
luaotfload | cache : Lookup cache loaded from C:/Users/aravk/AppData/Local/MiKTe
X/luatex-cache/generic/names/luaotfload-lookup-cache.luc.

Package fontspec Info: 
(fontspec)             Could not resolve font "Doulos SIL/BI" (it probably
(fontspec)             doesn't exist).


Package fontspec Info: 
(fontspec)             Could not resolve font "Doulos SIL/B" (it probably
(fontspec)             doesn't exist).


Package fontspec Info: 
(fontspec)             Could not resolve font "Doulos SIL/I" (it probably
(fontspec)             doesn't exist).


Package fontspec Info: 
(fontspec)             Font family 'DoulosSIL(0)' created for font 'Doulos
(fontspec)             SIL' with options [].
(fontspec)              
(fontspec)              This font family consists of the following NFSS
(fontspec)             series/shapes:
(fontspec)              
(fontspec)             - 'normal' (m/n) with NFSS spec.: <->"name:Doulos
(fontspec)             SIL:mode=node;script=latn;language=dflt;"
(fontspec)             - 'small caps'  (m/sc) with NFSS spec.: <->"name:Doulos
(fontspec)             SIL:mode=node;script=latn;language=dflt;+smcp;"


(C:/Users/aravk/AppData/Local/Programs/MiKTeX/tex/latex/adjustbox/adjustbox.sty
Package: adjustbox 2025/02/26 v1.3c Adjusting TeX boxes (trim, clip, ...)
(C:/Users/aravk/AppData/Local/Programs/MiKTeX/tex/latex/xkeyval/xkeyval.sty
Package: xkeyval 2022/06/16 v2.9 package option processing (HA)

(C:/Users/aravk/AppData/Local/Programs/MiKTeX/tex/generic/xkeyval/xkeyval.tex
(C:/Users/aravk/AppData/Local/Programs/MiKTeX/tex/generic/xkeyval/xkvutils.tex
\XKV@toks=\toks34
\XKV@tempa@toks=\toks35
)
\XKV@depth=\count313
File: xkeyval.tex 2014/12/03 v2.7a key=value parser (HA)
))
(C:/Users/aravk/AppData/Local/Programs/MiKTeX/tex/latex/adjustbox/adjcalc.sty
Package: adjcalc 2012/05/16 v1.1 Provides advanced setlength with multiple back
-ends (calc, etex, pgfmath)
)
(C:/Users/aravk/AppData/Local/Programs/MiKTeX/tex/latex/adjustbox/trimclip.sty
Package: trimclip 2025/02/21 v1.2a Trim and clip general TeX material

(C:/Users/aravk/AppData/Local/Programs/MiKTeX/tex/latex/collectbox/collectbox.s
ty
Package: collectbox 2022/10/17 v0.4c Collect macro arguments as boxes
\collectedbox=\box58
)
\tc@llx=\dimen173
\tc@lly=\dimen174
\tc@urx=\dimen175
\tc@ury=\dimen176
Package trimclip Info: Using driver 'tc-luatex.def'.

(C:/Users/aravk/AppData/Local/Programs/MiKTeX/tex/latex/adjustbox/tc-luatex.def
File: tc-luatex.def 2025/02/26 v1.1 Clipping driver for luatex

(C:/Users/aravk/AppData/Local/Programs/MiKTeX/tex/latex/adjustbox/tc-pdftex.def
File: tc-pdftex.def 2025/02/26 v2.3 Clipping driver for pdftex
)))
\adjbox@Width=\dimen177
\adjbox@Height=\dimen178
\adjbox@Depth=\dimen179
\adjbox@Totalheight=\dimen180
\adjbox@pwidth=\dimen181
\adjbox@pheight=\dimen182
\adjbox@pdepth=\dimen183
\adjbox@ptotalheight=\dimen184

(C:/Users/aravk/AppData/Local/Programs/MiKTeX/tex/latex/ifoddpage/ifoddpage.sty
Package: ifoddpage 2022/10/18 v1.2 Conditionals for odd/even page detection
\c@checkoddpage=\count314
) (C:/Users/aravk/AppData/Local/Programs/MiKTeX/tex/latex/varwidth/varwidth.sty
Package: varwidth 2009/03/30 ver 0.92;  Variable-width minipages
\@vwid@box=\box59
\sift@deathcycles=\count315
\@vwid@loff=\dimen185
\@vwid@roff=\dimen186
)
==> First Aid for varwidth.sty applied!
)
(C:/Users/aravk/AppData/Local/Programs/MiKTeX/tex/latex/caption/subcaption.sty
Package: subcaption 2023/07/28 v1.6b Sub-captions (AR)

(C:/Users/aravk/AppData/Local/Programs/MiKTeX/tex/latex/caption/caption.sty
Package: caption 2023/08/05 v3.6o Customizing captions (AR)

(C:/Users/aravk/AppData/Local/Programs/MiKTeX/tex/latex/caption/caption3.sty
Package: caption3 2023/07/31 v2.4d caption3 kernel (AR)
\caption@tempdima=\dimen187
\captionmargin=\dimen188
\caption@leftmargin=\dimen189
\caption@rightmargin=\dimen190
\caption@width=\dimen191
\caption@indent=\dimen192
\caption@parindent=\dimen193
\caption@hangindent=\dimen194
Package caption Info: Standard document class detected.
)
\c@caption@flags=\count316
\c@continuedfloat=\count317
)
Package caption Info: New subtype `subfigure' on input line 238.
\c@subfigure=\count318
Package caption Info: New subtype `subtable' on input line 238.
\c@subtable=\count319
) (C:/Users/aravk/AppData/Local/Programs/MiKTeX/tex/latex/natbib/natbib.sty
Package: natbib 2010/09/13 8.31b (PWD, AO)
\bibhang=\skip74
\bibsep=\skip75
LaTeX Info: Redefining \cite on input line 694.
\c@NAT@ctr=\count320
)
(C:/Users/aravk/AppData/Local/Programs/MiKTeX/tex/latex/spverbatim/spverbatim.s
ty
Package: spverbatim 2009/08/10 v1.0 Verbatim with breakable spaces
) (C:/Users/aravk/AppData/Local/Programs/MiKTeX/tex/latex/xcolor/xcolor.sty
Package: xcolor 2024/09/29 v3.02 LaTeX color extensions (UK)

(C:/Users/aravk/AppData/Local/Programs/MiKTeX/tex/latex/graphics-cfg/color.cfg
File: color.cfg 2016/01/02 v1.6 sample color configuration
)
Package xcolor Info: Driver file: luatex.def on input line 274.
LaTeX Info: Redefining \color on input line 762.
(C:/Users/aravk/AppData/Local/Programs/MiKTeX/tex/latex/graphics/mathcolor.ltx)
Package xcolor Info: Model `cmy' substituted by `cmy0' on input line 1349.
Package xcolor Info: Model `hsb' substituted by `rgb' on input line 1353.
Package xcolor Info: Model `RGB' extended on input line 1365.
Package xcolor Info: Model `HTML' substituted by `rgb' on input line 1367.
Package xcolor Info: Model `Hsb' substituted by `hsb' on input line 1368.
Package xcolor Info: Model `tHsb' substituted by `hsb' on input line 1369.
Package xcolor Info: Model `HSB' substituted by `hsb' on input line 1370.
Package xcolor Info: Model `Gray' substituted by `gray' on input line 1371.
Package xcolor Info: Model `wave' substituted by `hsb' on input line 1372.
) (C:/Users/aravk/AppData/Local/Programs/MiKTeX/tex/latex/listings/listings.sty
\lst@mode=\count321
\lst@gtempboxa=\box60
\lst@token=\toks36
\lst@length=\count322
\lst@currlwidth=\dimen195
\lst@column=\count323
\lst@pos=\count324
\lst@lostspace=\dimen196
\lst@width=\dimen197
\lst@newlines=\count325
\lst@lineno=\count326
\lst@maxwidth=\dimen198
(C:/Users/aravk/AppData/Local/Programs/MiKTeX/tex/latex/listings/lstpatch.sty
File: lstpatch.sty 2025/11/14 1.11b (Carsten Heinz)
)
(C:/Users/aravk/AppData/Local/Programs/MiKTeX/tex/latex/listings/lstmisc.sty
File: lstmisc.sty 2025/11/14 1.11b (Carsten Heinz)
\c@lstnumber=\count327
\lst@skipnumbers=\count328
\lst@framebox=\box61
)
(C:/Users/aravk/AppData/Local/Programs/MiKTeX/tex/latex/listings/listings.cfg
File: listings.cfg 2025/11/14 1.11b listings configuration
))
Package: listings 2025/11/14 1.11b (Carsten Heinz)
==> First Aid for listings.sty no longer applied!
    Expected:
        2024/09/23 1.10c (Carsten Heinz)
    but found:
        2025/11/14 1.11b (Carsten Heinz)
    so I'm assuming it got fixed.

LaTeX Warning: Unused global option(s):
    [english].

(./12-2.aux)
\openout1 = 12-2.aux

LaTeX Font Info:    Checking defaults for OML/cmm/m/it on input line 98.
LaTeX Font Info:    ... okay on input line 98.
LaTeX Font Info:    Checking defaults for OMS/cmsy/m/n on input line 98.
LaTeX Font Info:    ... okay on input line 98.
LaTeX Font Info:    Checking defaults for OT1/cmr/m/n on input line 98.
LaTeX Font Info:    ... okay on input line 98.
LaTeX Font Info:    Checking defaults for T1/cmr/m/n on input line 98.
LaTeX Font Info:    ... okay on input line 98.
LaTeX Font Info:    Checking defaults for TS1/cmr/m/n on input line 98.
LaTeX Font Info:    ... okay on input line 98.
LaTeX Font Info:    Checking defaults for TU/lmr/m/n on input line 98.
LaTeX Font Info:    ... okay on input line 98.
LaTeX Font Info:    Checking defaults for OMX/cmex/m/n on input line 98.
LaTeX Font Info:    ... okay on input line 98.
LaTeX Font Info:    Checking defaults for U/cmr/m/n on input line 98.
LaTeX Font Info:    ... okay on input line 98.

*geometry* driver: auto-detecting
*geometry* detected driver: luatex
*geometry* verbose mode - [ preamble ] result:
* driver: luatex
* paper: a4paper
* layout: <same size as paper>
* layoutoffset:(h,v)=(0.0pt,0.0pt)
* modes: 
* h-part:(L,W,R)=(72.26999pt, 452.9679pt, 72.26999pt)
* v-part:(T,H,B)=(65.04256pt, 635.4643pt, 144.54pt)
* \paperwidth=597.50787pt
* \paperheight=845.04684pt
* \textwidth=452.9679pt
* \textheight=635.4643pt
* \oddsidemargin=0.0pt
* \evensidemargin=0.0pt
* \topmargin=-44.22743pt
* \headheight=65.0pt
* \headsep=25.0pt
* \topskip=12.0pt
* \footskip=30.0pt
* \marginparwidth=44.0pt
* \marginparsep=10.0pt
* \columnsep=10.0pt
* \skip\footins=10.8pt plus 4.0pt minus 2.0pt
* \hoffset=0.0pt
* \voffset=0.0pt
* \mag=1000
* \@twocolumnfalse
* \@twosidefalse
* \@mparswitchfalse
* \@reversemarginfalse
* (1in=72.27pt=25.4mm, 1cm=28.453pt)


(C:/Users/aravk/AppData/Local/Programs/MiKTeX/tex/context/base/mkii/supp-pdf.mk
ii
[Loading MPS to PDF converter (version 2006.09.02).]
\scratchcounter=\count329
\scratchdimen=\dimen199
\scratchbox=\box62
\nofMPsegments=\count330
\nofMParguments=\count331
\everyMPshowfont=\toks37
\MPscratchCnt=\count332
\MPscratchDim=\dimen256
\MPnumerator=\count333
\makeMPintoPDFobject=\count334
\everyMPtoPDFconversion=\toks38
)
(C:/Users/aravk/AppData/Local/Programs/MiKTeX/tex/latex/epstopdf-pkg/epstopdf-b
ase.sty
Package: epstopdf-base 2020-01-24 v2.11 Base part for package epstopdf
Package epstopdf-base Info: Redefining graphics rule for `.eps' on input line 4
85.

(C:/Users/aravk/AppData/Local/Programs/MiKTeX/tex/latex/00miktex/epstopdf-sys.c
fg
File: epstopdf-sys.cfg 2021/03/18 v2.0 Configuration of epstopdf for MiKTeX
))

Package fontspec Info: 
(fontspec)             Adjusting the maths setup (use [no-math] to avoid
(fontspec)             this).

\symlegacymaths=\mathgroup6
LaTeX Font Info:    Overwriting symbol font `legacymaths' in version `bold'
(Font)                  OT1/cmr/m/n --> OT1/cmr/bx/n on input line 98.
LaTeX Font Info:    Redeclaring math accent \acute on input line 98.
LaTeX Font Info:    Redeclaring math accent \grave on input line 98.
LaTeX Font Info:    Redeclaring math accent \ddot on input line 98.
LaTeX Font Info:    Redeclaring math accent \tilde on input line 98.
LaTeX Font Info:    Redeclaring math accent \bar on input line 98.
LaTeX Font Info:    Redeclaring math accent \breve on input line 98.
LaTeX Font Info:    Redeclaring math accent \check on input line 98.
LaTeX Font Info:    Redeclaring math accent \hat on input line 98.
LaTeX Font Info:    Redeclaring math accent \dot on input line 98.
LaTeX Font Info:    Redeclaring math accent \mathring on input line 98.
LaTeX Font Info:    Redeclaring math symbol \Gamma on input line 98.
LaTeX Font Info:    Redeclaring math symbol \Delta on input line 98.
LaTeX Font Info:    Redeclaring math symbol \Theta on input line 98.
LaTeX Font Info:    Redeclaring math symbol \Lambda on input line 98.
LaTeX Font Info:    Redeclaring math symbol \Xi on input line 98.
LaTeX Font Info:    Redeclaring math symbol \Pi on input line 98.
LaTeX Font Info:    Redeclaring math symbol \Sigma on input line 98.
LaTeX Font Info:    Redeclaring math symbol \Upsilon on input line 98.
LaTeX Font Info:    Redeclaring math symbol \Phi on input line 98.
LaTeX Font Info:    Redeclaring math symbol \Psi on input line 98.
LaTeX Font Info:    Redeclaring math symbol \Omega on input line 98.
LaTeX Font Info:    Redeclaring math symbol \mathdollar on input line 98.
LaTeX Font Info:    Redeclaring symbol font `operators' on input line 98.
LaTeX Font Info:    Encoding `OT1' has changed to `TU' for symbol font
(Font)              `operators' in the math version `normal' on input line 98.
LaTeX Font Info:    Overwriting symbol font `operators' in version `normal'
(Font)                  OT1/cmr/m/n --> TU/lmr/m/n on input line 98.
LaTeX Font Info:    Encoding `OT1' has changed to `TU' for symbol font
(Font)              `operators' in the math version `bold' on input line 98.
LaTeX Font Info:    Overwriting symbol font `operators' in version `bold'
(Font)                  OT1/cmr/bx/n --> TU/lmr/m/n on input line 98.
LaTeX Font Info:    Overwriting symbol font `operators' in version `normal'
(Font)                  TU/lmr/m/n --> TU/lmr/m/n on input line 98.
LaTeX Font Info:    Overwriting math alphabet `\mathit' in version `normal'
(Font)                  OT1/cmr/m/it --> TU/lmr/m/it on input line 98.
LaTeX Font Info:    Overwriting math alphabet `\mathbf' in version `normal'
(Font)                  OT1/cmr/bx/n --> TU/lmr/b/n on input line 98.
LaTeX Font Info:    Overwriting math alphabet `\mathsf' in version `normal'
(Font)                  OT1/cmss/m/n --> TU/lmss/m/n on input line 98.
LaTeX Font Info:    Overwriting math alphabet `\mathtt' in version `normal'
(Font)                  OT1/cmtt/m/n --> TU/lmtt/m/n on input line 98.
LaTeX Font Info:    Overwriting symbol font `operators' in version `bold'
(Font)                  TU/lmr/m/n --> TU/lmr/b/n on input line 98.
LaTeX Font Info:    Overwriting math alphabet `\mathit' in version `bold'
(Font)                  OT1/cmr/bx/it --> TU/lmr/b/it on input line 98.
LaTeX Font Info:    Overwriting math alphabet `\mathsf' in version `bold'
(Font)                  OT1/cmss/bx/n --> TU/lmss/b/n on input line 98.
LaTeX Font Info:    Overwriting math alphabet `\mathtt' in version `bold'
(Font)                  OT1/cmtt/m/n --> TU/lmtt/b/n on input line 98.
Package caption Info: Begin \AtBeginDocument code.
Package caption Info: listings package is loaded.
Package caption Info: End \AtBeginDocument code.
\c@lstlisting=\count335
LaTeX Font Info:    Trying to load font information for U+msa on input line 102
.
 (C:/Users/aravk/AppData/Local/Programs/MiKTeX/tex/latex/amsfonts/umsa.fd
File: umsa.fd 2013/01/14 v3.01 AMS symbols A
)
LaTeX Font Info:    Trying to load font information for U+msb on input line 102
.

(C:/Users/aravk/AppData/Local/Programs/MiKTeX/tex/latex/amsfonts/umsb.fd
File: umsb.fd 2013/01/14 v3.01 AMS symbols B
)

Package natbib Warning: Citation `ganong1980phonetic' on page 1 undefined on in
put line 113.


Underfull \hbox (badness 10000) in paragraph at lines 113--113

 []


Underfull \hbox (badness 10000) in paragraph at lines 115--115

 []


Package natbib Warning: Citation `nath2014preliminary' on page 1 undefined on i
nput line 117.


Package natbib Warning: Citation `nath2014preliminary' on page 1 undefined on i
nput line 117.


Underfull \hbox (badness 10000) in paragraph at lines 117--117

 []

<todaypraat.png, id=1, 867.24pt x 867.24pt>
File: todaypraat.png Graphic file (type png)
<use todaypraat.png>
Package luatex.def Info: todaypraat.png  used on input line 126.
(luatex.def)             Requested size: 362.37569pt x 362.37247pt.

Package natbib Warning: Citation `nath2014preliminary' on page 1 undefined on i
nput line 136.


Underfull \hbox (badness 10000) in paragraph at lines 136--136

 []

[1

{C:/Users/aravk/AppData/Local/MiKTeX/fonts/map/pdftex/pdftex.map}]

Package natbib Warning: Citation `boersma2001praat' on page 2 undefined on inpu
t line 138.

[2<./todaypraat.png>]

Package natbib Warning: Citation `boersma2001praat' on page 3 undefined on inpu
t line 151.


Underfull \hbox (badness 10000) in paragraph at lines 151--151

 []


Underfull \hbox (badness 10000) in paragraph at lines 156--156

 []

[3]
Underfull \hbox (badness 10000) in paragraph at lines 165--165

 []

<afterburstpraat.png, id=16, 433.62pt x 433.62pt>
File: afterburstpraat.png Graphic file (type png)
<use afterburstpraat.png>
Package luatex.def Info: afterburstpraat.png  used on input line 168.
(luatex.def)             Requested size: 226.48395pt x 226.48279pt.

Underfull \hbox (badness 10000) in paragraph at lines 173--173

 []

[4<./afterburstpraat.png>]
Underfull \hbox (badness 10000) in paragraph at lines 174--174

 []

<first.png, id=26, 433.62pt x 433.62pt>
File: first.png Graphic file (type png)
<use first.png>
Package luatex.def Info: first.png  used on input line 180.
(luatex.def)             Requested size: 226.48395pt x 226.48279pt.
<middle.png, id=27, 433.62pt x 433.62pt>
File: middle.png Graphic file (type png)
<use middle.png>
Package luatex.def Info: middle.png  used on input line 181.
(luatex.def)             Requested size: 226.48395pt x 226.48279pt.
<last.png, id=28, 433.62pt x 433.62pt>
File: last.png Graphic file (type png)
<use last.png>
Package luatex.def Info: last.png  used on input line 182.
(luatex.def)             Requested size: 226.48395pt x 226.48279pt.

LaTeX Warning: No positions in optional float specifier.
               Default added (so using `tbp') on input line 187.


Underfull \hbox (badness 10000) in paragraph at lines 192--192
[]|\TU/lmr/m/n/12 Points
 []


Underfull \hbox (badness 10000) in paragraph at lines 192--192
\TU/lmr/m/n/12 (aspirated-
 []


Underfull \hbox (badness 10000) in paragraph at lines 217--217

 []

[5]
<Rplot02.png, id=32, 526.768pt x 526.768pt>
File: Rplot02.png Graphic file (type png)
<use Rplot02.png>
Package luatex.def Info: Rplot02.png  used on input line 221.
(luatex.def)             Requested size: 271.7835pt x 271.79091pt.


LaTeX Warning: `!h' float specifier changed to `!ht'.

[6<./first.png><./middle.png><./last.png>]
Underfull \hbox (badness 10000) in paragraph at lines 232--232

 []

[7<./Rplot02.png>]
<neural.png, id=43, 622.7265pt x 404.712pt>
File: neural.png Graphic file (type png)
<use neural.png>
Package luatex.def Info: neural.png  used on input line 240.
(luatex.def)             Requested size: 135.89174pt x 88.31439pt.
<neural3.png, id=44, 625.73775pt x 503.481pt>
File: neural3.png Graphic file (type png)
<use neural3.png>
Package luatex.def Info: neural3.png  used on input line 241.
(luatex.def)             Requested size: 135.89174pt x 109.33722pt.
<neural4.png, id=45, 621.522pt x 407.72325pt>
File: neural4.png Graphic file (type png)
<use neural4.png>
Package luatex.def Info: neural4.png  used on input line 242.
(luatex.def)             Requested size: 135.89174pt x 89.14569pt.
 [8<./neural.png><./neural3.png><./neural4.png>]
No file 12-2.bbl.
[9] [10]
Missing character: There is no ধ (U+09A7) in font [lmmono12-regular]:!
Missing character: There is no ্ (U+09CD) in font [lmmono12-regular]:!
Missing character: There is no ধ (U+09A7) in font [lmmono12-regular]:!
Missing character: There is no ্ (U+09CD) in font [lmmono12-regular]:!
Missing character: There is no থ (U+09A5) in font [lmmono12-regular]:!
Missing character: There is no ্ (U+09CD) in font [lmmono12-regular]:!
Missing character: There is no থ (U+09A5) in font [lmmono12-regular]:!
Missing character: There is no ্ (U+09CD) in font [lmmono12-regular]:!
[11
Missing character: There is no ধ (U+09A7) in font [lmmono12-regular]:!
Missing character: There is no ্ (U+09CD) in font [lmmono12-regular]:!
Missing character: There is no থ (U+09A5) in font [lmmono12-regular]:!
Missing character: There is no ্ (U+09CD) in font [lmmono12-regular]:!
]

Package natbib Warning: There were undefined citations.

[12] (./12-2.aux)
 ***********
LaTeX2e <2025-11-01>
L3 programming layer <2026-01-19>
 ***********
)

Here is how much of LuaTeX's memory you used:
 12523 strings out of 476076
 381558,794899 words of node,token memory allocated
 523 words of node memory still in use:
   6 hlist, 2 vlist, 2 rule, 2 glue, 4 kern, 1 glyph, 7 attribute, 59 glue_spec,
 7 attribute_list, 1 write nodes
   avail lists: 1:1,2:2996,3:202,4:4296,5:9949,6:88,7:9204,8:54,9:18612,10:24,11
:648
 34675 multiletter control sequences out of 65536+600000
 48 fonts using 5810407 bytes
 83i,12n,128p,1741b,971s stack positions out of 10000i,1000n,20000p,200000b,200000s
<c:/users/aravk/appdata/local/programs/miktex/fonts/opentype/public/lm/lmmono12-
regular.otf><c:/users/aravk/appdata/local/programs/miktex/fonts/opentype/public/
lm/lmroman12-italic.otf><c:/users/aravk/appdata/local/programs/miktex/fonts/open
type/public/lm/lmroman12-regular.otf><c:/users/aravk/appdata/local/programs/mikt
ex/fonts/opentype/public/lm/lmroman12-bold.otf><C:/Users/aravk/AppData/Local/Pro
grams/MiKTeX/fonts/type1/public/amsfonts/cm/cmmi12.pfb><C:/Users/aravk/AppData/L
ocal/Programs/MiKTeX/fonts/type1/public/amsfonts/cm/cmmi6.pfb><C:/Users/aravk/Ap
pData/Local/Programs/MiKTeX/fonts/type1/public/amsfonts/cm/cmr12.pfb><C:/Users/a
ravk/AppData/Local/Programs/MiKTeX/fonts/type1/public/amsfonts/cm/cmr6.pfb><C:/U
sers/aravk/AppData/Local/Programs/MiKTeX/fonts/type1/public/amsfonts/cm/cmsy10.p
fb>
Output written on 12-2.pdf (12 pages, 9014452 bytes).

PDF statistics: 107 PDF objects out of 1000 (max. 8388607)
 0 named destinations out of 1000 (max. 1048576)
 1 words of extra memory for PDF output out of 10000 (max. 100000000)

